<?xml version="1.0" encoding="UTF-8"?>
<testsuite xmlns:xsi="http://www.w3.org/2001/XMLSchema-instance" xsi:noNamespaceSchemaLocation="https://maven.apache.org/surefire/maven-surefire-plugin/xsd/surefire-test-report-3.0.xsd" version="3.0" name="TestSuite" time="41.62" tests="8" errors="0" skipped="0" failures="0">
  <properties>
    <property name="java.specification.version" value="21"/>
    <property name="sun.cpu.isalist" value="amd64"/>
    <property name="sun.jnu.encoding" value="Cp1252"/>
    <property name="java.class.path" value="D:\Automation_Ecommerce_WebSite\Ecommerce_WebAutomation\target\test-classes;D:\Automation_Ecommerce_WebSite\Ecommerce_WebAutomation\target\classes;C:\Users\RAM CHAVAN\.m2\repository\org\seleniumhq\selenium\selenium-java\4.25.0\selenium-java-4.25.0.jar;C:\Users\RAM CHAVAN\.m2\repository\org\seleniumhq\selenium\selenium-api\4.25.0\selenium-api-4.25.0.jar;C:\Users\RAM CHAVAN\.m2\repository\org\jspecify\jspecify\1.0.0\jspecify-1.0.0.jar;C:\Users\RAM CHAVAN\.m2\repository\org\seleniumhq\selenium\selenium-chrome-driver\4.25.0\selenium-chrome-driver-4.25.0.jar;C:\Users\RAM CHAVAN\.m2\repository\com\google\auto\service\auto-service-annotations\1.1.1\auto-service-annotations-1.1.1.jar;C:\Users\RAM CHAVAN\.m2\repository\org\seleniumhq\selenium\selenium-chromium-driver\4.25.0\selenium-chromium-driver-4.25.0.jar;C:\Users\RAM CHAVAN\.m2\repository\org\seleniumhq\selenium\selenium-json\4.25.0\selenium-json-4.25.0.jar;C:\Users\RAM CHAVAN\.m2\repository\org\seleniumhq\selenium\selenium-manager\4.25.0\selenium-manager-4.25.0.jar;C:\Users\RAM CHAVAN\.m2\repository\org\seleniumhq\selenium\selenium-devtools-v127\4.25.0\selenium-devtools-v127-4.25.0.jar;C:\Users\RAM CHAVAN\.m2\repository\org\seleniumhq\selenium\selenium-devtools-v128\4.25.0\selenium-devtools-v128-4.25.0.jar;C:\Users\RAM CHAVAN\.m2\repository\org\seleniumhq\selenium\selenium-devtools-v129\4.25.0\selenium-devtools-v129-4.25.0.jar;C:\Users\RAM CHAVAN\.m2\repository\org\seleniumhq\selenium\selenium-devtools-v85\4.25.0\selenium-devtools-v85-4.25.0.jar;C:\Users\RAM CHAVAN\.m2\repository\org\seleniumhq\selenium\selenium-edge-driver\4.25.0\selenium-edge-driver-4.25.0.jar;C:\Users\RAM CHAVAN\.m2\repository\org\seleniumhq\selenium\selenium-firefox-driver\4.25.0\selenium-firefox-driver-4.25.0.jar;C:\Users\RAM CHAVAN\.m2\repository\org\seleniumhq\selenium\selenium-http\4.25.0\selenium-http-4.25.0.jar;C:\Users\RAM CHAVAN\.m2\repository\dev\failsafe\failsafe\3.3.2\failsafe-3.3.2.jar;C:\Users\RAM CHAVAN\.m2\repository\org\seleniumhq\selenium\selenium-ie-driver\4.25.0\selenium-ie-driver-4.25.0.jar;C:\Users\RAM CHAVAN\.m2\repository\org\seleniumhq\selenium\selenium-remote-driver\4.25.0\selenium-remote-driver-4.25.0.jar;C:\Users\RAM CHAVAN\.m2\repository\com\google\guava\guava\33.3.0-jre\guava-33.3.0-jre.jar;C:\Users\RAM CHAVAN\.m2\repository\com\google\guava\failureaccess\1.0.2\failureaccess-1.0.2.jar;C:\Users\RAM CHAVAN\.m2\repository\com\google\guava\listenablefuture\9999.0-empty-to-avoid-conflict-with-guava\listenablefuture-9999.0-empty-to-avoid-conflict-with-guava.jar;C:\Users\RAM CHAVAN\.m2\repository\com\google\code\findbugs\jsr305\3.0.2\jsr305-3.0.2.jar;C:\Users\RAM CHAVAN\.m2\repository\org\checkerframework\checker-qual\3.43.0\checker-qual-3.43.0.jar;C:\Users\RAM CHAVAN\.m2\repository\com\google\errorprone\error_prone_annotations\2.28.0\error_prone_annotations-2.28.0.jar;C:\Users\RAM CHAVAN\.m2\repository\com\google\j2objc\j2objc-annotations\3.0.0\j2objc-annotations-3.0.0.jar;C:\Users\RAM CHAVAN\.m2\repository\io\opentelemetry\semconv\opentelemetry-semconv\1.25.0-alpha\opentelemetry-semconv-1.25.0-alpha.jar;C:\Users\RAM CHAVAN\.m2\repository\io\opentelemetry\opentelemetry-api\1.42.1\opentelemetry-api-1.42.1.jar;C:\Users\RAM CHAVAN\.m2\repository\io\opentelemetry\opentelemetry-context\1.42.1\opentelemetry-context-1.42.1.jar;C:\Users\RAM CHAVAN\.m2\repository\io\opentelemetry\opentelemetry-exporter-logging\1.42.1\opentelemetry-exporter-logging-1.42.1.jar;C:\Users\RAM CHAVAN\.m2\repository\io\opentelemetry\opentelemetry-sdk-common\1.42.1\opentelemetry-sdk-common-1.42.1.jar;C:\Users\RAM CHAVAN\.m2\repository\io\opentelemetry\opentelemetry-sdk-extension-autoconfigure-spi\1.42.1\opentelemetry-sdk-extension-autoconfigure-spi-1.42.1.jar;C:\Users\RAM CHAVAN\.m2\repository\io\opentelemetry\opentelemetry-sdk-extension-autoconfigure\1.42.1\opentelemetry-sdk-extension-autoconfigure-1.42.1.jar;C:\Users\RAM CHAVAN\.m2\repository\io\opentelemetry\opentelemetry-api-incubator\1.42.1-alpha\opentelemetry-api-incubator-1.42.1-alpha.jar;C:\Users\RAM CHAVAN\.m2\repository\io\opentelemetry\opentelemetry-sdk-trace\1.42.1\opentelemetry-sdk-trace-1.42.1.jar;C:\Users\RAM CHAVAN\.m2\repository\io\opentelemetry\opentelemetry-sdk\1.42.1\opentelemetry-sdk-1.42.1.jar;C:\Users\RAM CHAVAN\.m2\repository\io\opentelemetry\opentelemetry-sdk-metrics\1.42.1\opentelemetry-sdk-metrics-1.42.1.jar;C:\Users\RAM CHAVAN\.m2\repository\io\opentelemetry\opentelemetry-sdk-logs\1.42.1\opentelemetry-sdk-logs-1.42.1.jar;C:\Users\RAM CHAVAN\.m2\repository\net\bytebuddy\byte-buddy\1.15.1\byte-buddy-1.15.1.jar;C:\Users\RAM CHAVAN\.m2\repository\org\seleniumhq\selenium\selenium-os\4.25.0\selenium-os-4.25.0.jar;C:\Users\RAM CHAVAN\.m2\repository\org\apache\commons\commons-exec\1.4.0\commons-exec-1.4.0.jar;C:\Users\RAM CHAVAN\.m2\repository\org\seleniumhq\selenium\selenium-safari-driver\4.25.0\selenium-safari-driver-4.25.0.jar;C:\Users\RAM CHAVAN\.m2\repository\org\seleniumhq\selenium\selenium-support\4.25.0\selenium-support-4.25.0.jar;C:\Users\RAM CHAVAN\.m2\repository\org\testng\testng\7.10.2\testng-7.10.2.jar;C:\Users\RAM CHAVAN\.m2\repository\org\slf4j\slf4j-api\1.7.36\slf4j-api-1.7.36.jar;C:\Users\RAM CHAVAN\.m2\repository\com\beust\jcommander\1.82\jcommander-1.82.jar;C:\Users\RAM CHAVAN\.m2\repository\org\webjars\jquery\3.7.1\jquery-3.7.1.jar;C:\Users\RAM CHAVAN\.m2\repository\org\apache\poi\poi-ooxml\5.3.0\poi-ooxml-5.3.0.jar;C:\Users\RAM CHAVAN\.m2\repository\org\apache\poi\poi\5.3.0\poi-5.3.0.jar;C:\Users\RAM CHAVAN\.m2\repository\commons-codec\commons-codec\1.17.0\commons-codec-1.17.0.jar;C:\Users\RAM CHAVAN\.m2\repository\org\apache\commons\commons-math3\3.6.1\commons-math3-3.6.1.jar;C:\Users\RAM CHAVAN\.m2\repository\com\zaxxer\SparseBitSet\1.3\SparseBitSet-1.3.jar;C:\Users\RAM CHAVAN\.m2\repository\org\apache\poi\poi-ooxml-lite\5.3.0\poi-ooxml-lite-5.3.0.jar;C:\Users\RAM CHAVAN\.m2\repository\org\apache\xmlbeans\xmlbeans\5.2.1\xmlbeans-5.2.1.jar;C:\Users\RAM CHAVAN\.m2\repository\org\apache\commons\commons-compress\1.26.2\commons-compress-1.26.2.jar;C:\Users\RAM CHAVAN\.m2\repository\org\apache\commons\commons-lang3\3.14.0\commons-lang3-3.14.0.jar;C:\Users\RAM CHAVAN\.m2\repository\commons-io\commons-io\2.16.1\commons-io-2.16.1.jar;C:\Users\RAM CHAVAN\.m2\repository\com\github\virtuald\curvesapi\1.08\curvesapi-1.08.jar;C:\Users\RAM CHAVAN\.m2\repository\org\apache\commons\commons-collections4\4.4\commons-collections4-4.4.jar;C:\Users\RAM CHAVAN\.m2\repository\com\aventstack\extentreports\5.1.1\extentreports-5.1.1.jar;C:\Users\RAM CHAVAN\.m2\repository\io\reactivex\rxjava3\rxjava\3.1.6\rxjava-3.1.6.jar;C:\Users\RAM CHAVAN\.m2\repository\org\reactivestreams\reactive-streams\1.0.4\reactive-streams-1.0.4.jar;C:\Users\RAM CHAVAN\.m2\repository\org\freemarker\freemarker\2.3.32\freemarker-2.3.32.jar;C:\Users\RAM CHAVAN\.m2\repository\org\projectlombok\lombok\1.18.26\lombok-1.18.26.jar;C:\Users\RAM CHAVAN\.m2\repository\com\google\code\gson\gson\2.10.1\gson-2.10.1.jar;C:\Users\RAM CHAVAN\.m2\repository\org\apache\logging\log4j\log4j-core\2.23.1\log4j-core-2.23.1.jar;C:\Users\RAM CHAVAN\.m2\repository\org\apache\logging\log4j\log4j-api\2.23.1\log4j-api-2.23.1.jar;"/>
    <property name="java.vm.vendor" value="Oracle Corporation"/>
    <property name="sun.arch.data.model" value="64"/>
    <property name="user.variant" value=""/>
    <property name="java.vendor.url" value="https://java.oracle.com/"/>
    <property name="user.timezone" value="Asia/Calcutta"/>
    <property name="os.name" value="Windows 11"/>
    <property name="java.vm.specification.version" value="21"/>
    <property name="sun.java.launcher" value="SUN_STANDARD"/>
    <property name="user.country" value="IN"/>
    <property name="sun.boot.library.path" value="C:\Program Files\Java\jdk-21\bin"/>
    <property name="sun.java.command" value="C:\Users\RAM CHAVAN\AppData\Local\Temp\surefire10487810256258967052\surefirebooter-20250917193646202_3.jar C:\Users\RAM CHAVAN\AppData\Local\Temp\surefire10487810256258967052 2025-09-17T19-36-45_856-jvmRun1 surefire-20250917193646202_1tmp surefire_0-20250917193646202_2tmp"/>
    <property name="jdk.debug" value="release"/>
    <property name="surefire.test.class.path" value="D:\Automation_Ecommerce_WebSite\Ecommerce_WebAutomation\target\test-classes;D:\Automation_Ecommerce_WebSite\Ecommerce_WebAutomation\target\classes;C:\Users\RAM CHAVAN\.m2\repository\org\seleniumhq\selenium\selenium-java\4.25.0\selenium-java-4.25.0.jar;C:\Users\RAM CHAVAN\.m2\repository\org\seleniumhq\selenium\selenium-api\4.25.0\selenium-api-4.25.0.jar;C:\Users\RAM CHAVAN\.m2\repository\org\jspecify\jspecify\1.0.0\jspecify-1.0.0.jar;C:\Users\RAM CHAVAN\.m2\repository\org\seleniumhq\selenium\selenium-chrome-driver\4.25.0\selenium-chrome-driver-4.25.0.jar;C:\Users\RAM CHAVAN\.m2\repository\com\google\auto\service\auto-service-annotations\1.1.1\auto-service-annotations-1.1.1.jar;C:\Users\RAM CHAVAN\.m2\repository\org\seleniumhq\selenium\selenium-chromium-driver\4.25.0\selenium-chromium-driver-4.25.0.jar;C:\Users\RAM CHAVAN\.m2\repository\org\seleniumhq\selenium\selenium-json\4.25.0\selenium-json-4.25.0.jar;C:\Users\RAM CHAVAN\.m2\repository\org\seleniumhq\selenium\selenium-manager\4.25.0\selenium-manager-4.25.0.jar;C:\Users\RAM CHAVAN\.m2\repository\org\seleniumhq\selenium\selenium-devtools-v127\4.25.0\selenium-devtools-v127-4.25.0.jar;C:\Users\RAM CHAVAN\.m2\repository\org\seleniumhq\selenium\selenium-devtools-v128\4.25.0\selenium-devtools-v128-4.25.0.jar;C:\Users\RAM CHAVAN\.m2\repository\org\seleniumhq\selenium\selenium-devtools-v129\4.25.0\selenium-devtools-v129-4.25.0.jar;C:\Users\RAM CHAVAN\.m2\repository\org\seleniumhq\selenium\selenium-devtools-v85\4.25.0\selenium-devtools-v85-4.25.0.jar;C:\Users\RAM CHAVAN\.m2\repository\org\seleniumhq\selenium\selenium-edge-driver\4.25.0\selenium-edge-driver-4.25.0.jar;C:\Users\RAM CHAVAN\.m2\repository\org\seleniumhq\selenium\selenium-firefox-driver\4.25.0\selenium-firefox-driver-4.25.0.jar;C:\Users\RAM CHAVAN\.m2\repository\org\seleniumhq\selenium\selenium-http\4.25.0\selenium-http-4.25.0.jar;C:\Users\RAM CHAVAN\.m2\repository\dev\failsafe\failsafe\3.3.2\failsafe-3.3.2.jar;C:\Users\RAM CHAVAN\.m2\repository\org\seleniumhq\selenium\selenium-ie-driver\4.25.0\selenium-ie-driver-4.25.0.jar;C:\Users\RAM CHAVAN\.m2\repository\org\seleniumhq\selenium\selenium-remote-driver\4.25.0\selenium-remote-driver-4.25.0.jar;C:\Users\RAM CHAVAN\.m2\repository\com\google\guava\guava\33.3.0-jre\guava-33.3.0-jre.jar;C:\Users\RAM CHAVAN\.m2\repository\com\google\guava\failureaccess\1.0.2\failureaccess-1.0.2.jar;C:\Users\RAM CHAVAN\.m2\repository\com\google\guava\listenablefuture\9999.0-empty-to-avoid-conflict-with-guava\listenablefuture-9999.0-empty-to-avoid-conflict-with-guava.jar;C:\Users\RAM CHAVAN\.m2\repository\com\google\code\findbugs\jsr305\3.0.2\jsr305-3.0.2.jar;C:\Users\RAM CHAVAN\.m2\repository\org\checkerframework\checker-qual\3.43.0\checker-qual-3.43.0.jar;C:\Users\RAM CHAVAN\.m2\repository\com\google\errorprone\error_prone_annotations\2.28.0\error_prone_annotations-2.28.0.jar;C:\Users\RAM CHAVAN\.m2\repository\com\google\j2objc\j2objc-annotations\3.0.0\j2objc-annotations-3.0.0.jar;C:\Users\RAM CHAVAN\.m2\repository\io\opentelemetry\semconv\opentelemetry-semconv\1.25.0-alpha\opentelemetry-semconv-1.25.0-alpha.jar;C:\Users\RAM CHAVAN\.m2\repository\io\opentelemetry\opentelemetry-api\1.42.1\opentelemetry-api-1.42.1.jar;C:\Users\RAM CHAVAN\.m2\repository\io\opentelemetry\opentelemetry-context\1.42.1\opentelemetry-context-1.42.1.jar;C:\Users\RAM CHAVAN\.m2\repository\io\opentelemetry\opentelemetry-exporter-logging\1.42.1\opentelemetry-exporter-logging-1.42.1.jar;C:\Users\RAM CHAVAN\.m2\repository\io\opentelemetry\opentelemetry-sdk-common\1.42.1\opentelemetry-sdk-common-1.42.1.jar;C:\Users\RAM CHAVAN\.m2\repository\io\opentelemetry\opentelemetry-sdk-extension-autoconfigure-spi\1.42.1\opentelemetry-sdk-extension-autoconfigure-spi-1.42.1.jar;C:\Users\RAM CHAVAN\.m2\repository\io\opentelemetry\opentelemetry-sdk-extension-autoconfigure\1.42.1\opentelemetry-sdk-extension-autoconfigure-1.42.1.jar;C:\Users\RAM CHAVAN\.m2\repository\io\opentelemetry\opentelemetry-api-incubator\1.42.1-alpha\opentelemetry-api-incubator-1.42.1-alpha.jar;C:\Users\RAM CHAVAN\.m2\repository\io\opentelemetry\opentelemetry-sdk-trace\1.42.1\opentelemetry-sdk-trace-1.42.1.jar;C:\Users\RAM CHAVAN\.m2\repository\io\opentelemetry\opentelemetry-sdk\1.42.1\opentelemetry-sdk-1.42.1.jar;C:\Users\RAM CHAVAN\.m2\repository\io\opentelemetry\opentelemetry-sdk-metrics\1.42.1\opentelemetry-sdk-metrics-1.42.1.jar;C:\Users\RAM CHAVAN\.m2\repository\io\opentelemetry\opentelemetry-sdk-logs\1.42.1\opentelemetry-sdk-logs-1.42.1.jar;C:\Users\RAM CHAVAN\.m2\repository\net\bytebuddy\byte-buddy\1.15.1\byte-buddy-1.15.1.jar;C:\Users\RAM CHAVAN\.m2\repository\org\seleniumhq\selenium\selenium-os\4.25.0\selenium-os-4.25.0.jar;C:\Users\RAM CHAVAN\.m2\repository\org\apache\commons\commons-exec\1.4.0\commons-exec-1.4.0.jar;C:\Users\RAM CHAVAN\.m2\repository\org\seleniumhq\selenium\selenium-safari-driver\4.25.0\selenium-safari-driver-4.25.0.jar;C:\Users\RAM CHAVAN\.m2\repository\org\seleniumhq\selenium\selenium-support\4.25.0\selenium-support-4.25.0.jar;C:\Users\RAM CHAVAN\.m2\repository\org\testng\testng\7.10.2\testng-7.10.2.jar;C:\Users\RAM CHAVAN\.m2\repository\org\slf4j\slf4j-api\1.7.36\slf4j-api-1.7.36.jar;C:\Users\RAM CHAVAN\.m2\repository\com\beust\jcommander\1.82\jcommander-1.82.jar;C:\Users\RAM CHAVAN\.m2\repository\org\webjars\jquery\3.7.1\jquery-3.7.1.jar;C:\Users\RAM CHAVAN\.m2\repository\org\apache\poi\poi-ooxml\5.3.0\poi-ooxml-5.3.0.jar;C:\Users\RAM CHAVAN\.m2\repository\org\apache\poi\poi\5.3.0\poi-5.3.0.jar;C:\Users\RAM CHAVAN\.m2\repository\commons-codec\commons-codec\1.17.0\commons-codec-1.17.0.jar;C:\Users\RAM CHAVAN\.m2\repository\org\apache\commons\commons-math3\3.6.1\commons-math3-3.6.1.jar;C:\Users\RAM CHAVAN\.m2\repository\com\zaxxer\SparseBitSet\1.3\SparseBitSet-1.3.jar;C:\Users\RAM CHAVAN\.m2\repository\org\apache\poi\poi-ooxml-lite\5.3.0\poi-ooxml-lite-5.3.0.jar;C:\Users\RAM CHAVAN\.m2\repository\org\apache\xmlbeans\xmlbeans\5.2.1\xmlbeans-5.2.1.jar;C:\Users\RAM CHAVAN\.m2\repository\org\apache\commons\commons-compress\1.26.2\commons-compress-1.26.2.jar;C:\Users\RAM CHAVAN\.m2\repository\org\apache\commons\commons-lang3\3.14.0\commons-lang3-3.14.0.jar;C:\Users\RAM CHAVAN\.m2\repository\commons-io\commons-io\2.16.1\commons-io-2.16.1.jar;C:\Users\RAM CHAVAN\.m2\repository\com\github\virtuald\curvesapi\1.08\curvesapi-1.08.jar;C:\Users\RAM CHAVAN\.m2\repository\org\apache\commons\commons-collections4\4.4\commons-collections4-4.4.jar;C:\Users\RAM CHAVAN\.m2\repository\com\aventstack\extentreports\5.1.1\extentreports-5.1.1.jar;C:\Users\RAM CHAVAN\.m2\repository\io\reactivex\rxjava3\rxjava\3.1.6\rxjava-3.1.6.jar;C:\Users\RAM CHAVAN\.m2\repository\org\reactivestreams\reactive-streams\1.0.4\reactive-streams-1.0.4.jar;C:\Users\RAM CHAVAN\.m2\repository\org\freemarker\freemarker\2.3.32\freemarker-2.3.32.jar;C:\Users\RAM CHAVAN\.m2\repository\org\projectlombok\lombok\1.18.26\lombok-1.18.26.jar;C:\Users\RAM CHAVAN\.m2\repository\com\google\code\gson\gson\2.10.1\gson-2.10.1.jar;C:\Users\RAM CHAVAN\.m2\repository\org\apache\logging\log4j\log4j-core\2.23.1\log4j-core-2.23.1.jar;C:\Users\RAM CHAVAN\.m2\repository\org\apache\logging\log4j\log4j-api\2.23.1\log4j-api-2.23.1.jar;"/>
    <property name="sun.cpu.endian" value="little"/>
    <property name="user.home" value="C:\Users\RAM CHAVAN"/>
    <property name="user.language" value="en"/>
    <property name="java.specification.vendor" value="Oracle Corporation"/>
    <property name="java.version.date" value="2024-04-16"/>
    <property name="java.home" value="C:\Program Files\Java\jdk-21"/>
    <property name="file.separator" value="\"/>
    <property name="basedir" value="D:\Automation_Ecommerce_WebSite\Ecommerce_WebAutomation"/>
    <property name="java.vm.compressedOopsMode" value="32-bit"/>
    <property name="line.separator" value="&#10;"/>
    <property name="java.vm.specification.vendor" value="Oracle Corporation"/>
    <property name="java.specification.name" value="Java Platform API Specification"/>
    <property name="surefire.real.class.path" value="C:\Users\RAM CHAVAN\AppData\Local\Temp\surefire10487810256258967052\surefirebooter-20250917193646202_3.jar"/>
    <property name="user.script" value=""/>
    <property name="sun.management.compiler" value="HotSpot 64-Bit Tiered Compilers"/>
    <property name="java.runtime.version" value="21.0.3+7-LTS-152"/>
    <property name="user.name" value="RAM CHAVAN"/>
    <property name="stdout.encoding" value="Cp1252"/>
    <property name="path.separator" value=";"/>
    <property name="otel.metrics.exporter" value="none"/>
    <property name="os.version" value="10.0"/>
    <property name="java.runtime.name" value="Java(TM) SE Runtime Environment"/>
    <property name="otel.traces.exporter" value="none"/>
    <property name="file.encoding" value="UTF-8"/>
    <property name="java.vm.name" value="Java HotSpot(TM) 64-Bit Server VM"/>
    <property name="localRepository" value="C:\Users\RAM CHAVAN\.m2\repository"/>
    <property name="java.vendor.url.bug" value="https://bugreport.java.com/bugreport/"/>
    <property name="otel.logs.exporter" value="none"/>
    <property name="java.io.tmpdir" value="C:\Users\RAMCHA~1\AppData\Local\Temp\"/>
    <property name="java.version" value="21.0.3"/>
    <property name="user.dir" value="D:\Automation_Ecommerce_WebSite\Ecommerce_WebAutomation"/>
    <property name="os.arch" value="amd64"/>
    <property name="java.vm.specification.name" value="Java Virtual Machine Specification"/>
    <property name="sun.os.patch.level" value=""/>
    <property name="native.encoding" value="Cp1252"/>
    <property name="java.library.path" value="C:\Program Files\Java\jdk-21\bin;C:\WINDOWS\Sun\Java\bin;C:\WINDOWS\system32;C:\WINDOWS;C:\Program Files (x86)\VMware\VMware Workstation\bin\;C:\Program Files\Common Files\Oracle\Java\javapath;C:\WINDOWS\system32;C:\WINDOWS;C:\WINDOWS\System32\Wbem;C:\WINDOWS\System32\WindowsPowerShell\v1.0\;C:\WINDOWS\System32\OpenSSH\;C:\Program Files\Git\cmd;C:\Program Files\Java\jdk-21\bin;C:\Program Files (x86)\Microsoft SQL Server\160\Tools\Binn\;C:\Program Files\Microsoft SQL Server\160\Tools\Binn\;C:\Program Files\Microsoft SQL Server\Client SDK\ODBC\170\Tools\Binn\;C:\Program Files\Microsoft SQL Server\160\DTS\Binn\;C:\Program Files\Docker\Docker\resources\bin;C:\Program Files\Maven\apache-maven-3.9.11\bin;C:\Program Files\nodejs\;C:\Users\RAM CHAVAN\AppData\Local\Microsoft\WindowsApps;C:\Users\RAM CHAVAN\AppData\Local\Programs\Microsoft VS Code\bin;C:\Users\RAM CHAVAN\AppData\Roaming\npm;."/>
    <property name="java.vm.info" value="mixed mode, sharing"/>
    <property name="stderr.encoding" value="Cp1252"/>
    <property name="java.vendor" value="Oracle Corporation"/>
    <property name="java.vm.version" value="21.0.3+7-LTS-152"/>
    <property name="sun.io.unicode.encoding" value="UnicodeLittle"/>
    <property name="java.class.version" value="65.0"/>
  </properties>
  <testcase name="verifyThatUserIsAbleToLoginWithValidCredentials[testautomationram@gmail.com, Test@1234](1)" classname="ramchavantestautomation.Tests.LoginPageTest" time="8.725">
    <system-out><![CDATA[[19:36:49] [TestNG-tests-1] INFO  ramchavantestautomation.Utils.Log - >>> Test suite started: Chrome Tests
[19:36:49] [TestNG-tests-2] INFO  ramchavantestautomation.Utils.Log - >>> Test suite started: Firefox Tests
[19:36:57] [TestNG-tests-1] INFO  ramchavantestautomation.Utils.Log - Browser launched (chrome) & navigated to: https://rahulshettyacademy.com/client/
[19:36:57] [TestNG-tests-1] INFO  ramchavantestautomation.Utils.Log - Driver hash: 214463957 Thread: 29
[19:36:59] [TestNG-tests-1] INFO  ramchavantestautomation.Utils.Log - >>> Starting test: verifyThatUserIsAbleToLoginWithValidCredentials
[19:36:59] [TestNG-tests-1] INFO  ramchavantestautomation.Utils.Log - Skipping default login for a login test.
[19:37:00] [TestNG-tests-1] INFO  ramchavantestautomation.Utils.Log - Test started: verifyThatUserIsAbleToLoginWithValidCredentials
[19:37:00] [TestNG-tests-1] INFO  ramchavantestautomation.Utils.Log - =====================================verifyThatUserIsAbleToLoginWithValidCredentialsTest TEST START=========================================
[19:37:00] [TestNG-tests-1] INFO  ramchavantestautomation.Utils.Log - Testing login with data provider: testautomationram@gmail.com / Test@1234
[19:37:01] [TestNG-tests-1] INFO  ramchavantestautomation.Utils.Log - Entered username: testautomationram@gmail.com
[19:37:03] [TestNG-tests-1] INFO  ramchavantestautomation.Utils.Log - Entered password: Test@1234
[19:37:05] [TestNG-tests-1] INFO  ramchavantestautomation.Utils.Log - Clicked on login button
[19:37:07] [TestNG-tests-1] INFO  ramchavantestautomation.Utils.Log - Fetched Homepage text after successfull login: AUTOMATION
[19:37:09] [TestNG-tests-1] INFO  ramchavantestautomation.Utils.Log - =====================================verifyThatUserIsAbleToLoginWithValidCredentialsTest TEST END=========================================
]]></system-out>
    <system-err><![CDATA[SLF4J: Failed to load class "org.slf4j.impl.StaticLoggerBinder".
SLF4J: Defaulting to no-operation (NOP) logger implementation
SLF4J: See http://www.slf4j.org/codes.html#StaticLoggerBinder for further details.
Sept 17, 2025 7:36:49 PM org.openqa.selenium.remote.tracing.opentelemetry.OpenTelemetryTracer createTracer
INFO: Using OpenTelemetry for tracing
]]></system-err>
  </testcase>
  <testcase name="verifyThatUserIsAbleToLoginWithValidCredentials[testautomationram@gmail.com, Test@1234](1)" classname="ramchavantestautomation.Tests.LoginPageTest" time="2.664">
    <system-out><![CDATA[[19:37:16] [TestNG-tests-1] INFO  ramchavantestautomation.Utils.Log - Test passed: verifyThatUserIsNotAbleToLoginWithInValidCredentials
[19:37:16] [TestNG-tests-1] INFO  ramchavantestautomation.Utils.Log - <<< Finished test: verifyThatUserIsNotAbleToLoginWithInValidCredentials
[19:37:16] [TestNG-tests-1] INFO  ramchavantestautomation.Utils.Log - >>> Starting test: verifyThatUserIsNotAbleToLoginWithInValidCredentials
[19:37:16] [TestNG-tests-1] INFO  ramchavantestautomation.Utils.Log - Skipping default login for a login test.
[19:37:16] [TestNG-tests-1] INFO  ramchavantestautomation.Utils.Log - Test started: verifyThatUserIsNotAbleToLoginWithInValidCredentials
[19:37:16] [TestNG-tests-1] INFO  ramchavantestautomation.Utils.Log - =====================================verifyThatUserIsNotAbleToLoginWithInValidCredentialsTest TEST START=========================================
[19:37:16] [TestNG-tests-1] INFO  ramchavantestautomation.Utils.Log - Testing invalid login with: bad2@gmail.com / short
[19:37:16] [TestNG-tests-2] INFO  ramchavantestautomation.Utils.Log - Browser launched (firefox) & navigated to: https://rahulshettyacademy.com/client/
[19:37:16] [TestNG-tests-2] INFO  ramchavantestautomation.Utils.Log - Driver hash: 2138127423 Thread: 30
[19:37:16] [TestNG-tests-2] INFO  ramchavantestautomation.Utils.Log - >>> Starting test: verifyThatUserIsAbleToLoginWithValidCredentials
[19:37:16] [TestNG-tests-2] INFO  ramchavantestautomation.Utils.Log - Skipping default login for a login test.
[19:37:16] [TestNG-tests-2] INFO  ramchavantestautomation.Utils.Log - Test started: verifyThatUserIsAbleToLoginWithValidCredentials
[19:37:16] [TestNG-tests-2] INFO  ramchavantestautomation.Utils.Log - =====================================verifyThatUserIsAbleToLoginWithValidCredentialsTest TEST START=========================================
[19:37:16] [TestNG-tests-2] INFO  ramchavantestautomation.Utils.Log - Testing login with data provider: testautomationram@gmail.com / Test@1234
[19:37:17] [TestNG-tests-1] INFO  ramchavantestautomation.Utils.Log - Entered username: bad2@gmail.com
[19:37:17] [TestNG-tests-2] INFO  ramchavantestautomation.Utils.Log - Entered username: testautomationram@gmail.com
[19:37:17] [TestNG-tests-2] INFO  ramchavantestautomation.Utils.Log - Entered password: Test@1234
[19:37:18] [TestNG-tests-1] INFO  ramchavantestautomation.Utils.Log - Entered password: short
[19:37:18] [TestNG-tests-2] INFO  ramchavantestautomation.Utils.Log - Clicked on login button
[19:37:18] [TestNG-tests-1] INFO  ramchavantestautomation.Utils.Log - Clicked on login button
[19:37:18] [TestNG-tests-2] INFO  ramchavantestautomation.Utils.Log - Fetched Homepage text after successfull login: AUTOMATION
[19:37:19] [TestNG-tests-2] INFO  ramchavantestautomation.Utils.Log - =====================================verifyThatUserIsAbleToLoginWithValidCredentialsTest TEST END=========================================
]]></system-out>
  </testcase>
  <testcase name="verifyThatUserIsNotAbleToLoginWithInValidCredentials[bad1@gmail.com, 123](1)" classname="ramchavantestautomation.Tests.LoginPageTest" time="3.69">
    <system-out><![CDATA[[19:37:11] [TestNG-tests-1] INFO  ramchavantestautomation.Utils.Log - Test passed: verifyThatUserIsAbleToLoginWithValidCredentials
[19:37:11] [TestNG-tests-1] INFO  ramchavantestautomation.Utils.Log - <<< Finished test: verifyThatUserIsAbleToLoginWithValidCredentials
[19:37:11] [TestNG-tests-1] INFO  ramchavantestautomation.Utils.Log - >>> Starting test: verifyThatUserIsNotAbleToLoginWithInValidCredentials
[19:37:11] [TestNG-tests-1] INFO  ramchavantestautomation.Utils.Log - Skipping default login for a login test.
[19:37:11] [TestNG-tests-1] INFO  ramchavantestautomation.Utils.Log - Test started: verifyThatUserIsNotAbleToLoginWithInValidCredentials
[19:37:11] [TestNG-tests-1] INFO  ramchavantestautomation.Utils.Log - =====================================verifyThatUserIsNotAbleToLoginWithInValidCredentialsTest TEST START=========================================
[19:37:11] [TestNG-tests-1] INFO  ramchavantestautomation.Utils.Log - Testing invalid login with: bad1@gmail.com / 123
[19:37:12] [TestNG-tests-1] INFO  ramchavantestautomation.Utils.Log - Entered username: bad1@gmail.com
[19:37:13] [TestNG-tests-1] INFO  ramchavantestautomation.Utils.Log - Entered password: 123
[19:37:14] [TestNG-tests-1] INFO  ramchavantestautomation.Utils.Log - Clicked on login button
[19:37:14] [TestNG-tests-1] INFO  ramchavantestautomation.Utils.Log - Error displayed: true
[19:37:14] [TestNG-tests-1] INFO  ramchavantestautomation.Utils.Log - =====================================verifyThatUserIsNotAbleToLoginWithInValidCredentialsTest TEST END=========================================
]]></system-out>
  </testcase>
  <testcase name="verifyThatUserIsNotAbleToLoginWithInValidCredentials[bad1@gmail.com, 123](1)" classname="ramchavantestautomation.Tests.LoginPageTest" time="1.103">
    <system-out><![CDATA[[19:37:20] [TestNG-tests-2] INFO  ramchavantestautomation.Utils.Log - Entered username: bad1@gmail.com
[19:37:20] [TestNG-tests-2] INFO  ramchavantestautomation.Utils.Log - Entered password: 123
[19:37:21] [TestNG-tests-1] INFO  ramchavantestautomation.Utils.Log - Test passed: verifyThatUserIsNotAbleToLoginWithInValidCredentials
[19:37:21] [TestNG-tests-1] INFO  ramchavantestautomation.Utils.Log - <<< Finished test: verifyThatUserIsNotAbleToLoginWithInValidCredentials
[19:37:21] [TestNG-tests-1] INFO  ramchavantestautomation.Utils.Log - >>> Starting test: alwaysPass
[19:37:21] [TestNG-tests-2] INFO  ramchavantestautomation.Utils.Log - Clicked on login button
[19:37:21] [TestNG-tests-2] INFO  ramchavantestautomation.Utils.Log - Error displayed: true
[19:37:21] [TestNG-tests-2] INFO  ramchavantestautomation.Utils.Log - =====================================verifyThatUserIsNotAbleToLoginWithInValidCredentialsTest TEST END=========================================
]]></system-out>
  </testcase>
  <testcase name="verifyThatUserIsNotAbleToLoginWithInValidCredentials[bad2@gmail.com, short](2)" classname="ramchavantestautomation.Tests.LoginPageTest" time="0.107">
    <system-out><![CDATA[[19:37:20] [TestNG-tests-2] INFO  ramchavantestautomation.Utils.Log - Test passed: verifyThatUserIsAbleToLoginWithValidCredentials
[19:37:20] [TestNG-tests-2] INFO  ramchavantestautomation.Utils.Log - <<< Finished test: verifyThatUserIsAbleToLoginWithValidCredentials
[19:37:20] [TestNG-tests-2] INFO  ramchavantestautomation.Utils.Log - >>> Starting test: verifyThatUserIsNotAbleToLoginWithInValidCredentials
[19:37:20] [TestNG-tests-2] INFO  ramchavantestautomation.Utils.Log - Skipping default login for a login test.
[19:37:20] [TestNG-tests-2] INFO  ramchavantestautomation.Utils.Log - Test started: verifyThatUserIsNotAbleToLoginWithInValidCredentials
[19:37:20] [TestNG-tests-2] INFO  ramchavantestautomation.Utils.Log - =====================================verifyThatUserIsNotAbleToLoginWithInValidCredentialsTest TEST START=========================================
[19:37:20] [TestNG-tests-2] INFO  ramchavantestautomation.Utils.Log - Testing invalid login with: bad1@gmail.com / 123
[19:37:20] [TestNG-tests-1] INFO  ramchavantestautomation.Utils.Log - Error displayed: true
[19:37:20] [TestNG-tests-1] INFO  ramchavantestautomation.Utils.Log - =====================================verifyThatUserIsNotAbleToLoginWithInValidCredentialsTest TEST END=========================================
]]></system-out>
  </testcase>
  <testcase name="verifyThatUserIsNotAbleToLoginWithInValidCredentials[bad2@gmail.com, short](2)" classname="ramchavantestautomation.Tests.LoginPageTest" time="0.856">
    <system-out><![CDATA[[19:37:22] [TestNG-tests-2] INFO  ramchavantestautomation.Utils.Log - Entered password: short
[19:37:23] [TestNG-tests-2] INFO  ramchavantestautomation.Utils.Log - Clicked on login button
[19:37:23] [TestNG-tests-1] INFO  ramchavantestautomation.Utils.Log - Test passed: alwaysPass
[19:37:23] [TestNG-tests-1] INFO  ramchavantestautomation.Utils.Log - <<< Finished test: alwaysPass
[19:37:23] [TestNG-tests-2] INFO  ramchavantestautomation.Utils.Log - Error displayed: true
[19:37:23] [TestNG-tests-2] INFO  ramchavantestautomation.Utils.Log - =====================================verifyThatUserIsNotAbleToLoginWithInValidCredentialsTest TEST END=========================================
]]></system-out>
  </testcase>
  <testcase name="alwaysPass" classname="ramchavantestautomation.Tests.SampleUnitTest" time="0.001">
    <system-out><![CDATA[[19:37:22] [TestNG-tests-2] INFO  ramchavantestautomation.Utils.Log - Test passed: verifyThatUserIsNotAbleToLoginWithInValidCredentials
[19:37:22] [TestNG-tests-2] INFO  ramchavantestautomation.Utils.Log - <<< Finished test: verifyThatUserIsNotAbleToLoginWithInValidCredentials
[19:37:22] [TestNG-tests-2] INFO  ramchavantestautomation.Utils.Log - >>> Starting test: verifyThatUserIsNotAbleToLoginWithInValidCredentials
[19:37:22] [TestNG-tests-2] INFO  ramchavantestautomation.Utils.Log - Skipping default login for a login test.
[19:37:22] [TestNG-tests-2] INFO  ramchavantestautomation.Utils.Log - Test started: verifyThatUserIsNotAbleToLoginWithInValidCredentials
[19:37:22] [TestNG-tests-2] INFO  ramchavantestautomation.Utils.Log - =====================================verifyThatUserIsNotAbleToLoginWithInValidCredentialsTest TEST START=========================================
[19:37:22] [TestNG-tests-2] INFO  ramchavantestautomation.Utils.Log - Testing invalid login with: bad2@gmail.com / short
[19:37:22] [TestNG-tests-2] INFO  ramchavantestautomation.Utils.Log - Entered username: bad2@gmail.com
[19:37:22] [TestNG-tests-1] INFO  ramchavantestautomation.Utils.Log - Default login attempted.
[19:37:22] [TestNG-tests-1] INFO  ramchavantestautomation.Utils.Log - Test started: alwaysPass
]]></system-out>
  </testcase>
  <testcase name="alwaysPass" classname="ramchavantestautomation.Tests.SampleUnitTest" time="0.0">
    <system-out><![CDATA[[19:37:23] [TestNG-tests-1] INFO  ramchavantestautomation.Utils.Log - Default logout attempted.
[19:37:24] [TestNG-tests-2] INFO  ramchavantestautomation.Utils.Log - Test passed: verifyThatUserIsNotAbleToLoginWithInValidCredentials
[19:37:24] [TestNG-tests-2] INFO  ramchavantestautomation.Utils.Log - <<< Finished test: verifyThatUserIsNotAbleToLoginWithInValidCredentials
[19:37:24] [TestNG-tests-2] INFO  ramchavantestautomation.Utils.Log - >>> Starting test: alwaysPass
[19:37:24] [TestNG-tests-1] INFO  ramchavantestautomation.Utils.Log - === Browser closed for thread 29 ===
[19:37:25] [TestNG-tests-2] INFO  ramchavantestautomation.Utils.Log - Default login attempted.
[19:37:25] [TestNG-tests-2] INFO  ramchavantestautomation.Utils.Log - Test started: alwaysPass
]]></system-out>
  </testcase>
</testsuite>