<?xml version="1.0" encoding="UTF-8"?>
<!-- Generated by org.testng.reporters.JUnitReportReporter -->
<testsuite hostname="LAPTOP-OFVKRPE8" failures="0" tests="2" name="ramchavantestautomation.Tests.SampleUnitTest" time="168.303" errors="0" timestamp="2025-09-13T23:13:11 IST" skipped="0">
  <testcase classname="ramchavantestautomation.Tests.SampleUnitTest" name="alwaysPass" time="84.108"/>
  <testcase classname="ramchavantestautomation.Tests.SampleUnitTest" name="alwaysPass" time="84.195"/>
</testsuite> <!-- ramchavantestautomation.Tests.SampleUnitTest -->
