<?xml version="1.0" encoding="UTF-8"?>
<!-- Generated by org.testng.reporters.JUnitReportReporter -->
<testsuite hostname="LAPTOP-OFVKRPE8" failures="0" tests="1" name="ramchavantestautomation.Tests.LoginPageTest" time="1.721" errors="0" timestamp="2025-09-17T12:30:49 IST" skipped="0">
  <testcase classname="ramchavantestautomation.Tests.LoginPageTest" name="verifyThatUserIsAbleToLoginWithValidCredentials" time="1.721"/>
</testsuite> <!-- ramchavantestautomation.Tests.LoginPageTest -->
