<?xml version="1.0" encoding="UTF-8"?>
<!-- Generated by org.testng.reporters.JUnitReportReporter -->
<testsuite hostname="LAPTOP-OFVKRPE8" failures="0" tests="2" name="ramchavantestautomation.Tests.SampleUnitTest" time="129.012" errors="0" timestamp="2025-09-14T01:06:52 IST" skipped="0">
  <testcase classname="ramchavantestautomation.Tests.SampleUnitTest" name="alwaysPass" time="43.173"/>
  <testcase classname="ramchavantestautomation.Tests.SampleUnitTest" name="alwaysPass" time="85.839"/>
</testsuite> <!-- ramchavantestautomation.Tests.SampleUnitTest -->
