<?xml version="1.0" encoding="UTF-8"?>
<!-- Generated by org.testng.reporters.JUnitReportReporter -->
<testsuite hostname="LAPTOP-OFVKRPE8" failures="0" tests="2" name="ramchavantestautomation.Tests.SampleUnitTest" time="4.596" errors="0" timestamp="2025-09-17T19:37:28 IST" skipped="0">
  <testcase classname="ramchavantestautomation.Tests.SampleUnitTest" name="alwaysPass" time="2.691"/>
  <testcase classname="ramchavantestautomation.Tests.SampleUnitTest" name="alwaysPass" time="1.905"/>
</testsuite> <!-- ramchavantestautomation.Tests.SampleUnitTest -->
